# JRE version: OpenJDK Runtime Environment (8.0_242-b01) (build 1.8.0_242-release-1644-b01)
# Java VM: OpenJDK 64-Bit Server VM (25.242-b01 mixed mode windows-amd64 compressed oops)
Heap:
 PSYoungGen      total 619008K, used 356254K [0x00000000d5580000, 0x0000000100000000, 0x0000000100000000)
  eden space 546816K, 51% used [0x00000000d5580000,0x00000000e6af0cb8,0x00000000f6b80000)
  from space 72192K, 99% used [0x00000000f6b80000,0x00000000fb1f6b80,0x00000000fb200000)
  to   space 79872K, 0% used [0x00000000fb200000,0x00000000fb200000,0x0000000100000000)
 ParOldGen       total 315904K, used 148927K [0x0000000080000000, 0x0000000093480000, 0x00000000d5580000)
  object space 315904K, 47% used [0x0000000080000000,0x000000008916fe08,0x0000000093480000)
 Metaspace       used 128170K, capacity 138594K, committed 138828K, reserved 1169408K
  class space    used 16383K, capacity 18258K, committed 18292K, reserved 1048576K
GC Heap History (10 events):
Event: 3255.555 GC heap before
{Heap before GC invocations=41 (full 4):
 PSYoungGen      total 621568K, used 602592K [0x00000000d5580000, 0x0000000100000000, 0x0000000100000000)
  eden space 550400K, 100% used [0x00000000d5580000,0x00000000f6f00000,0x00000000f6f00000)
  from space 71168K, 73% used [0x00000000fba80000,0x00000000fed78208,0x0000000100000000)
  to   space 74240K, 0% used [0x00000000f6f00000,0x00000000f6f00000,0x00000000fb780000)
 ParOldGen       total 315904K, used 141481K [0x0000000080000000, 0x0000000093480000, 0x00000000d5580000)
  object space 315904K, 44% used [0x0000000080000000,0x0000000088a2a4c0,0x0000000093480000)
 Metaspace       used 117961K, capacity 125798K, committed 125900K, reserved 1159168K
  class space    used 15084K, capacity 16566K, committed 16628K, reserved 1048576K
Event: 3255.678 GC heap after
Heap after GC invocations=41 (full 4):
 PSYoungGen      total 602112K, used 51258K [0x00000000d5580000, 0x0000000100000000, 0x0000000100000000)
  eden space 550400K, 0% used [0x00000000d5580000,0x00000000d5580000,0x00000000f6f00000)
  from space 51712K, 99% used [0x00000000f6f00000,0x00000000fa10eb98,0x00000000fa180000)
  to   space 76288K, 0% used [0x00000000fb580000,0x00000000fb580000,0x0000000100000000)
 ParOldGen       total 315904K, used 141481K [0x0000000080000000, 0x0000000093480000, 0x00000000d5580000)
  object space 315904K, 44% used [0x0000000080000000,0x0000000088a2a4c0,0x0000000093480000)
 Metaspace       used 117961K, capacity 125798K, committed 125900K, reserved 1159168K
  class space    used 15084K, capacity 16566K, committed 16628K, reserved 1048576K
}
Event: 3261.671 GC heap before
{Heap before GC invocations=42 (full 4):
 PSYoungGen      total 602112K, used 601658K [0x00000000d5580000, 0x0000000100000000, 0x0000000100000000)
  eden space 550400K, 100% used [0x00000000d5580000,0x00000000f6f00000,0x00000000f6f00000)
  from space 51712K, 99% used [0x00000000f6f00000,0x00000000fa10eb98,0x00000000fa180000)
  to   space 76288K, 0% used [0x00000000fb580000,0x00000000fb580000,0x0000000100000000)
 ParOldGen       total 315904K, used 141481K [0x0000000080000000, 0x0000000093480000, 0x00000000d5580000)
  object space 315904K, 44% used [0x0000000080000000,0x0000000088a2a4c0,0x0000000093480000)
 Metaspace       used 123084K, capacity 131506K, committed 131660K, reserved 1163264K
  class space    used 15705K, capacity 17260K, committed 17268K, reserved 1048576K
Event: 3261.727 GC heap after
Heap after GC invocations=42 (full 4):
 PSYoungGen      total 623104K, used 47205K [0x00000000d5580000, 0x0000000100000000, 0x0000000100000000)
  eden space 546816K, 0% used [0x00000000d5580000,0x00000000d5580000,0x00000000f6b80000)
  from space 76288K, 61% used [0x00000000fb580000,0x00000000fe3996c8,0x0000000100000000)
  to   space 75776K, 0% used [0x00000000f6b80000,0x00000000f6b80000,0x00000000fb580000)
 ParOldGen       total 315904K, used 147970K [0x0000000080000000, 0x0000000093480000, 0x00000000d5580000)
  object space 315904K, 46% used [0x0000000080000000,0x0000000089080ab0,0x0000000093480000)
 Metaspace       used 123084K, capacity 131506K, committed 131660K, reserved 1163264K
  class space    used 15705K, capacity 17260K, committed 17268K, reserved 1048576K
}
Event: 3263.333 GC heap before
{Heap before GC invocations=43 (full 4):
 PSYoungGen      total 623104K, used 594021K [0x00000000d5580000, 0x0000000100000000, 0x0000000100000000)
  eden space 546816K, 100% used [0x00000000d5580000,0x00000000f6b80000,0x00000000f6b80000)
  from space 76288K, 61% used [0x00000000fb580000,0x00000000fe3996c8,0x0000000100000000)
  to   space 75776K, 0% used [0x00000000f6b80000,0x00000000f6b80000,0x00000000fb580000)
 ParOldGen       total 315904K, used 147970K [0x0000000080000000, 0x0000000093480000, 0x00000000d5580000)
  object space 315904K, 46% used [0x0000000080000000,0x0000000089080ab0,0x0000000093480000)
 Metaspace       used 124748K, capacity 133534K, committed 133836K, reserved 1165312K
  class space    used 15902K, capacity 17550K, committed 17652K, reserved 1048576K
Event: 3263.378 GC heap after
Heap after GC invocations=43 (full 4):
 PSYoungGen      total 591360K, used 44090K [0x00000000d5580000, 0x00000000ffc80000, 0x0000000100000000)
  eden space 546816K, 0% used [0x00000000d5580000,0x00000000d5580000,0x00000000f6b80000)
  from space 44544K, 98% used [0x00000000f6b80000,0x00000000f968eb30,0x00000000f9700000)
  to   space 74240K, 0% used [0x00000000fb400000,0x00000000fb400000,0x00000000ffc80000)
 ParOldGen       total 315904K, used 147978K [0x0000000080000000, 0x0000000093480000, 0x00000000d5580000)
  object space 315904K, 46% used [0x0000000080000000,0x0000000089082ab0,0x0000000093480000)
 Metaspace       used 124748K, capacity 133534K, committed 133836K, reserved 1165312K
  class space    used 15902K, capacity 17550K, committed 17652K, reserved 1048576K
}
Event: 3468.388 GC heap before
{Heap before GC invocations=44 (full 4):
 PSYoungGen      total 591360K, used 590906K [0x00000000d5580000, 0x00000000ffc80000, 0x0000000100000000)
  eden space 546816K, 100% used [0x00000000d5580000,0x00000000f6b80000,0x00000000f6b80000)
  from space 44544K, 98% used [0x00000000f6b80000,0x00000000f968eb30,0x00000000f9700000)
  to   space 74240K, 0% used [0x00000000fb400000,0x00000000fb400000,0x00000000ffc80000)
 ParOldGen       total 315904K, used 147978K [0x0000000080000000, 0x0000000093480000, 0x00000000d5580000)
  object space 315904K, 46% used [0x0000000080000000,0x0000000089082ab0,0x0000000093480000)
 Metaspace       used 127991K, capacity 138480K, committed 138572K, reserved 1169408K
  class space    used 16377K, capacity 18251K, committed 18292K, reserved 1048576K
Event: 3468.439 GC heap after
Heap after GC invocations=44 (full 4):
 PSYoungGen      total 621056K, used 47314K [0x00000000d5580000, 0x0000000100000000, 0x0000000100000000)
  eden space 546816K, 0% used [0x00000000d5580000,0x00000000d5580000,0x00000000f6b80000)
  from space 74240K, 63% used [0x00000000fb400000,0x00000000fe234b28,0x00000000ffc80000)
  to   space 74240K, 0% used [0x00000000f6b80000,0x00000000f6b80000,0x00000000fb400000)
 ParOldGen       total 315904K, used 147986K [0x0000000080000000, 0x0000000093480000, 0x00000000d5580000)
  object space 315904K, 46% used [0x0000000080000000,0x0000000089084ab0,0x0000000093480000)
 Metaspace       used 127991K, capacity 138480K, committed 138572K, reserved 1169408K
  class space    used 16377K, capacity 18251K, committed 18292K, reserved 1048576K
}
Event: 4702.770 GC heap before
{Heap before GC invocations=45 (full 4):
 PSYoungGen      total 621056K, used 594130K [0x00000000d5580000, 0x0000000100000000, 0x0000000100000000)
  eden space 546816K, 100% used [0x00000000d5580000,0x00000000f6b80000,0x00000000f6b80000)
  from space 74240K, 63% used [0x00000000fb400000,0x00000000fe234b28,0x00000000ffc80000)
  to   space 74240K, 0% used [0x00000000f6b80000,0x00000000f6b80000,0x00000000fb400000)
 ParOldGen       total 315904K, used 147986K [0x0000000080000000, 0x0000000093480000, 0x00000000d5580000)
  object space 315904K, 46% used [0x0000000080000000,0x0000000089084ab0,0x0000000093480000)
 Metaspace       used 128161K, capacity 138594K, committed 138828K, reserved 1169408K
  class space    used 16382K, capacity 18258K, committed 18292K, reserved 1048576K
Event: 4703.107 GC heap after
Heap after GC invocations=45 (full 4):
 PSYoungGen      total 619008K, used 72154K [0x00000000d5580000, 0x0000000100000000, 0x0000000100000000)
  eden space 546816K, 0% used [0x00000000d5580000,0x00000000d5580000,0x00000000f6b80000)
  from space 72192K, 99% used [0x00000000f6b80000,0x00000000fb1f6b80,0x00000000fb200000)
  to   space 79872K, 0% used [0x00000000fb200000,0x00000000fb200000,0x0000000100000000)
 ParOldGen       total 315904K, used 148927K [0x0000000080000000, 0x0000000093480000, 0x00000000d5580000)
  object space 315904K, 47% used [0x0000000080000000,0x000000008916fe08,0x0000000093480000)
 Metaspace       used 128161K, capacity 138594K, committed 138828K, reserved 1169408K
  class space    used 16382K, capacity 18258K, committed 18292K, reserved 1048576K
}

